Running tests ...
[1A[KRunning 39 tests in 1 runtime ...
[1A[K[1m[32m39 tests, 96 assertions, 1 runtime ... OK[0m
-------------------|-----------|-----------|-----------|-----------|
File               |   % Stmts |% Branches |   % Funcs |   % Lines |
-------------------|-----------|-----------|-----------|-----------|
   lib/            |       100 |       100 |       100 |       100 |
      baker.js     |       100 |       100 |       100 |       100 |
      cli.js       |       100 |       100 |       100 |       100 |
      eggtart.js   |       100 |       100 |       100 |       100 |
      validator.js |       100 |       100 |       100 |       100 |
-------------------|-----------|-----------|-----------|-----------|
All files          |       100 |       100 |       100 |       100 |
-------------------|-----------|-----------|-----------|-----------|


=============================== Coverage summary ===============================
Statements   : 100% ( 145/145 )
Branches     : 100% ( 52/52 )
Functions    : 100% ( 43/43 )
Lines        : 100% ( 145/145 )
================================================================================
